Arguments: 
  /Users/Robert/.nvm/versions/node/v12.18.3/bin/node /Users/Robert/.nvm/versions/node/v12.18.3/bin/yarn

PATH: 
  /Users/Robert/.jenv/shims:/Users/Robert/.jenv/bin:/Users/Robert/.nvm/versions/node/v12.18.3/bin:/Users/Robert/Library/Python/3.6/bin:/usr/local/Cellar/mtr/0.93_1/sbin:/usr/local/bin:/usr/bin:/bin:/usr/sbin:/sbin:/Library/Apple/usr/bin:/Users/Robert/Library/Android/sdk/emulator:/Users/Robert/Library/Android/sdk/tools:/Users/Robert/Library/Android/sdk/tools/bin:/Users/Robert/Library/Android/sdk/platform-tools:/Applications/Postgres.app/Contents/Versions/latest/bin:/usr/local/bin

Yarn version: 
  1.22.5

Node version: 
  12.18.3

Platform: 
  darwin x64

Trace: 
  SyntaxError: /Users/Robert/Code/www-roberthung/package.json: Unexpected token } in JSON at position 822
      at JSON.parse (<anonymous>)
      at /Users/Robert/.nvm/versions/node/v12.18.3/lib/node_modules/yarn/lib/cli.js:1625:59
      at Generator.next (<anonymous>)
      at step (/Users/Robert/.nvm/versions/node/v12.18.3/lib/node_modules/yarn/lib/cli.js:310:30)
      at /Users/Robert/.nvm/versions/node/v12.18.3/lib/node_modules/yarn/lib/cli.js:321:13

npm manifest: 
  {
    "name": "www-roberthung",
    "version": "1.0.0",
    "main": "index.js",
    "author": "Robert Hung",
    "license": "MIT",
    "scripts": {
      "build": "rm -rf public && rm -rf .cache && gatsby build",
      "clean": "gatsby clean",
      "dev": "gatsby develop --open --host 0.0.0.0",
      "format": "prettier --write './**/*.{css,js,jsx,json,ts,tsx}'",
      "lint": "eslint --max-warnings 0 'src/**/*.{js,jsx,ts,tsx}'",
      "lint:fix": "yarn lint --fix",
      "prepare": "husky install",
      "serve": "gatsby serve",
      "start": "gatsby develop --open --host 0.0.0.0",
      "tsc": "tsc"
    },
    "dependencies": {
      "gatsby": "^3.5.0",
      "gatsby-plugin-postcss": "^4.5.0",
      "gatsby-plugin-typescript": "^3.5.0",
      "react": "^17.0.2",
      "react-dom": "^17.0.2",
      "react-icons": "^4.2.0",
      "react-toggle": "^4.1.2",
    },
    "devDependencies": {
      "@types/node": "^15.3.0",
      "@types/prettier": "^2.2.3",
      "@types/react": "^17.0.5",
      "@types/react-dom": "^17.0.5",
      "@types/react-toggle": "^4.0.2",
      "@typescript-eslint/eslint-plugin": "^4.25.0",
      "@typescript-eslint/parser": "^4.25.0",
      "eslint": "^7.26.0",
      "eslint-config-prettier": "^8.3.0",
      "eslint-plugin-prettier": "^3.4.0",
      "eslint-plugin-react": "^7.23.2",
      "eslint-plugin-react-hooks": "^4.2.0",
      "husky": ">=6",
      "lint-staged": ">=10",
      "prettier": "^2.3.0",
      "typescript": "^4.2.4"
    },
    "lint-staged": {
      "*.{js,jsx,ts,tsx}": "eslint --cache --fix",
      "*.{css,js,jsx,json,ts,tsx}": "prettier --write"
    }
  }

yarn manifest: 
  No manifest

Lockfile: 
  No lockfile
